27-Jan-2020 14:32:43.840 INFOS [main] org.apache.catalina.core.ApplicationContext.log ContextListener: contextInitialized()
27-Jan-2020 14:32:43.840 INFOS [main] org.apache.catalina.core.ApplicationContext.log SessionListener: contextInitialized()
27-Jan-2020 14:32:43.843 INFOS [main] org.apache.catalina.core.ApplicationContext.log ContextListener: attributeAdded('StockTicker', 'async.Stockticker@4c18621b')
27-Jan-2020 14:34:13.990 INFOS [Thread-4] org.apache.catalina.core.ApplicationContext.log SessionListener: contextDestroyed()
27-Jan-2020 14:34:13.990 INFOS [Thread-4] org.apache.catalina.core.ApplicationContext.log ContextListener: contextDestroyed()
27-Jan-2020 14:34:28.386 INFOS [main] org.apache.catalina.core.ApplicationContext.log ContextListener: contextInitialized()
27-Jan-2020 14:34:28.386 INFOS [main] org.apache.catalina.core.ApplicationContext.log SessionListener: contextInitialized()
27-Jan-2020 14:34:28.393 INFOS [main] org.apache.catalina.core.ApplicationContext.log ContextListener: attributeAdded('StockTicker', 'async.Stockticker@2b8bd798')
27-Jan-2020 14:38:36.658 INFOS [main] org.apache.catalina.core.ApplicationContext.log ContextListener: contextInitialized()
27-Jan-2020 14:38:36.658 INFOS [main] org.apache.catalina.core.ApplicationContext.log SessionListener: contextInitialized()
27-Jan-2020 14:38:36.658 INFOS [main] org.apache.catalina.core.ApplicationContext.log ContextListener: attributeAdded('StockTicker', 'async.Stockticker@64469d8')
27-Jan-2020 14:39:38.991 INFOS [Thread-5] org.apache.catalina.core.ApplicationContext.log SessionListener: contextDestroyed()
27-Jan-2020 14:39:38.991 INFOS [Thread-5] org.apache.catalina.core.ApplicationContext.log ContextListener: contextDestroyed()
27-Jan-2020 14:41:01.614 INFOS [main] org.apache.catalina.core.ApplicationContext.log ContextListener: contextInitialized()
27-Jan-2020 14:41:01.614 INFOS [main] org.apache.catalina.core.ApplicationContext.log SessionListener: contextInitialized()
27-Jan-2020 14:41:01.619 INFOS [main] org.apache.catalina.core.ApplicationContext.log ContextListener: attributeAdded('StockTicker', 'async.Stockticker@2b8bd798')
27-Jan-2020 15:22:34.146 INFOS [main] org.apache.catalina.core.ApplicationContext.log ContextListener: contextInitialized()
27-Jan-2020 15:22:34.147 INFOS [main] org.apache.catalina.core.ApplicationContext.log SessionListener: contextInitialized()
27-Jan-2020 15:22:34.150 INFOS [main] org.apache.catalina.core.ApplicationContext.log ContextListener: attributeAdded('StockTicker', 'async.Stockticker@5c41d037')
27-Jan-2020 15:22:37.491 INFOS [main] org.apache.catalina.core.ApplicationContext.log SessionListener: contextDestroyed()
27-Jan-2020 15:22:37.491 INFOS [main] org.apache.catalina.core.ApplicationContext.log ContextListener: contextDestroyed()
27-Jan-2020 15:23:44.773 INFOS [main] org.apache.catalina.core.ApplicationContext.log ContextListener: contextInitialized()
27-Jan-2020 15:23:44.773 INFOS [main] org.apache.catalina.core.ApplicationContext.log SessionListener: contextInitialized()
27-Jan-2020 15:23:44.779 INFOS [main] org.apache.catalina.core.ApplicationContext.log ContextListener: attributeAdded('StockTicker', 'async.Stockticker@3aefae67')
