03-Feb-2020 13:55:01.147 INFOS [main] org.apache.catalina.core.ApplicationContext.log ContextListener: contextInitialized()
03-Feb-2020 13:55:01.147 INFOS [main] org.apache.catalina.core.ApplicationContext.log SessionListener: contextInitialized()
03-Feb-2020 13:55:01.150 INFOS [main] org.apache.catalina.core.ApplicationContext.log ContextListener: attributeAdded('StockTicker', 'async.Stockticker@3aefae67')
03-Feb-2020 15:32:38.607 INFOS [main] org.apache.catalina.core.ApplicationContext.log SessionListener: contextDestroyed()
03-Feb-2020 15:32:38.607 INFOS [main] org.apache.catalina.core.ApplicationContext.log ContextListener: contextDestroyed()
03-Feb-2020 15:47:39.316 INFOS [main] org.apache.catalina.core.ApplicationContext.log ContextListener: contextInitialized()
03-Feb-2020 15:47:39.317 INFOS [main] org.apache.catalina.core.ApplicationContext.log SessionListener: contextInitialized()
03-Feb-2020 15:47:39.323 INFOS [main] org.apache.catalina.core.ApplicationContext.log ContextListener: attributeAdded('StockTicker', 'async.Stockticker@66213a0d')
03-Feb-2020 15:58:03.050 INFOS [main] org.apache.catalina.core.ApplicationContext.log SessionListener: contextDestroyed()
03-Feb-2020 15:58:03.050 INFOS [main] org.apache.catalina.core.ApplicationContext.log ContextListener: contextDestroyed()
03-Feb-2020 15:58:16.023 INFOS [main] org.apache.catalina.core.ApplicationContext.log ContextListener: contextInitialized()
03-Feb-2020 15:58:16.023 INFOS [main] org.apache.catalina.core.ApplicationContext.log SessionListener: contextInitialized()
03-Feb-2020 15:58:16.026 INFOS [main] org.apache.catalina.core.ApplicationContext.log ContextListener: attributeAdded('StockTicker', 'async.Stockticker@aa4d8cc')
03-Feb-2020 16:07:40.941 INFOS [main] org.apache.catalina.core.ApplicationContext.log SessionListener: contextDestroyed()
03-Feb-2020 16:07:40.941 INFOS [main] org.apache.catalina.core.ApplicationContext.log ContextListener: contextDestroyed()
03-Feb-2020 16:07:51.334 INFOS [main] org.apache.catalina.core.ApplicationContext.log ContextListener: contextInitialized()
03-Feb-2020 16:07:51.334 INFOS [main] org.apache.catalina.core.ApplicationContext.log SessionListener: contextInitialized()
03-Feb-2020 16:07:51.334 INFOS [main] org.apache.catalina.core.ApplicationContext.log ContextListener: attributeAdded('StockTicker', 'async.Stockticker@aa4d8cc')
03-Feb-2020 16:08:33.506 INFOS [main] org.apache.catalina.core.ApplicationContext.log SessionListener: contextDestroyed()
03-Feb-2020 16:08:33.506 INFOS [main] org.apache.catalina.core.ApplicationContext.log ContextListener: contextDestroyed()
03-Feb-2020 16:08:44.539 INFOS [main] org.apache.catalina.core.ApplicationContext.log ContextListener: contextInitialized()
03-Feb-2020 16:08:44.539 INFOS [main] org.apache.catalina.core.ApplicationContext.log SessionListener: contextInitialized()
03-Feb-2020 16:08:44.539 INFOS [main] org.apache.catalina.core.ApplicationContext.log ContextListener: attributeAdded('StockTicker', 'async.Stockticker@aa4d8cc')
