28-Feb-2020 10:40:33.079 INFOS [main] org.apache.catalina.core.ApplicationContext.log ContextListener: contextInitialized()
28-Feb-2020 10:40:33.080 INFOS [main] org.apache.catalina.core.ApplicationContext.log SessionListener: contextInitialized()
28-Feb-2020 10:40:33.084 INFOS [main] org.apache.catalina.core.ApplicationContext.log ContextListener: attributeAdded('StockTicker', 'async.Stockticker@19382338')
28-Feb-2020 12:56:16.162 INFOS [main] org.apache.catalina.core.ApplicationContext.log ContextListener: contextInitialized()
28-Feb-2020 12:56:16.162 INFOS [main] org.apache.catalina.core.ApplicationContext.log SessionListener: contextInitialized()
28-Feb-2020 12:56:16.164 INFOS [main] org.apache.catalina.core.ApplicationContext.log ContextListener: attributeAdded('StockTicker', 'async.Stockticker@27df0f3d')
28-Feb-2020 12:56:19.608 INFOS [main] org.apache.catalina.core.ApplicationContext.log SessionListener: contextDestroyed()
28-Feb-2020 12:56:19.609 INFOS [main] org.apache.catalina.core.ApplicationContext.log ContextListener: contextDestroyed()
28-Feb-2020 12:57:07.388 INFOS [main] org.apache.catalina.core.ApplicationContext.log ContextListener: contextInitialized()
28-Feb-2020 12:57:07.388 INFOS [main] org.apache.catalina.core.ApplicationContext.log SessionListener: contextInitialized()
28-Feb-2020 12:57:07.391 INFOS [main] org.apache.catalina.core.ApplicationContext.log ContextListener: attributeAdded('StockTicker', 'async.Stockticker@aa4d8cc')
28-Feb-2020 12:58:04.214 INFOS [main] org.apache.catalina.core.ApplicationContext.log SessionListener: contextDestroyed()
28-Feb-2020 12:58:04.214 INFOS [main] org.apache.catalina.core.ApplicationContext.log ContextListener: contextDestroyed()
28-Feb-2020 13:01:26.176 INFOS [main] org.apache.catalina.core.ApplicationContext.log ContextListener: contextInitialized()
28-Feb-2020 13:01:26.176 INFOS [main] org.apache.catalina.core.ApplicationContext.log SessionListener: contextInitialized()
28-Feb-2020 13:01:26.179 INFOS [main] org.apache.catalina.core.ApplicationContext.log ContextListener: attributeAdded('StockTicker', 'async.Stockticker@19382338')
28-Feb-2020 13:03:08.524 INFOS [main] org.apache.catalina.core.ApplicationContext.log SessionListener: contextDestroyed()
28-Feb-2020 13:03:08.524 INFOS [main] org.apache.catalina.core.ApplicationContext.log ContextListener: contextDestroyed()
28-Feb-2020 13:04:17.951 INFOS [main] org.apache.catalina.core.ApplicationContext.log ContextListener: contextInitialized()
28-Feb-2020 13:04:17.951 INFOS [main] org.apache.catalina.core.ApplicationContext.log SessionListener: contextInitialized()
28-Feb-2020 13:04:17.954 INFOS [main] org.apache.catalina.core.ApplicationContext.log ContextListener: attributeAdded('StockTicker', 'async.Stockticker@aa4d8cc')
28-Feb-2020 13:25:02.816 INFOS [main] org.apache.catalina.core.ApplicationContext.log SessionListener: contextDestroyed()
28-Feb-2020 13:25:02.816 INFOS [main] org.apache.catalina.core.ApplicationContext.log ContextListener: contextDestroyed()
28-Feb-2020 13:26:03.572 INFOS [main] org.apache.catalina.core.ApplicationContext.log ContextListener: contextInitialized()
28-Feb-2020 13:26:03.572 INFOS [main] org.apache.catalina.core.ApplicationContext.log SessionListener: contextInitialized()
28-Feb-2020 13:26:03.575 INFOS [main] org.apache.catalina.core.ApplicationContext.log ContextListener: attributeAdded('StockTicker', 'async.Stockticker@1e692555')
28-Feb-2020 13:32:06.854 INFOS [main] org.apache.catalina.core.ApplicationContext.log SessionListener: contextDestroyed()
28-Feb-2020 13:32:06.854 INFOS [main] org.apache.catalina.core.ApplicationContext.log ContextListener: contextDestroyed()
28-Feb-2020 13:32:16.305 INFOS [main] org.apache.catalina.core.ApplicationContext.log ContextListener: contextInitialized()
28-Feb-2020 13:32:16.305 INFOS [main] org.apache.catalina.core.ApplicationContext.log SessionListener: contextInitialized()
28-Feb-2020 13:32:16.307 INFOS [main] org.apache.catalina.core.ApplicationContext.log ContextListener: attributeAdded('StockTicker', 'async.Stockticker@3cb8c8ce')
28-Feb-2020 13:35:51.091 INFOS [main] org.apache.catalina.core.ApplicationContext.log SessionListener: contextDestroyed()
28-Feb-2020 13:35:51.091 INFOS [main] org.apache.catalina.core.ApplicationContext.log ContextListener: contextDestroyed()
28-Feb-2020 13:35:58.608 INFOS [main] org.apache.catalina.core.ApplicationContext.log ContextListener: contextInitialized()
28-Feb-2020 13:35:58.609 INFOS [main] org.apache.catalina.core.ApplicationContext.log SessionListener: contextInitialized()
28-Feb-2020 13:35:58.612 INFOS [main] org.apache.catalina.core.ApplicationContext.log ContextListener: attributeAdded('StockTicker', 'async.Stockticker@aa4d8cc')
28-Feb-2020 13:36:20.977 INFOS [http-nio-8080-exec-3] org.apache.catalina.core.ApplicationContext.log La servlet [authentification] est marqué comme indisponible
28-Feb-2020 13:36:20.977 GRAVE [http-nio-8080-exec-3] org.apache.catalina.core.StandardWrapperValve.invoke Exception lors de l'allocation pour la servlet [authentification]
 java.lang.NoClassDefFoundError: AuthentificationServlet (wrong name: exo1/AuthentificationServlet)
	at java.lang.ClassLoader.defineClass1(Native Method)
	at java.lang.ClassLoader.defineClass(Unknown Source)
	at java.security.SecureClassLoader.defineClass(Unknown Source)
	at org.apache.catalina.loader.WebappClassLoaderBase.findClassInternal(WebappClassLoaderBase.java:2388)
	at org.apache.catalina.loader.WebappClassLoaderBase.findClass(WebappClassLoaderBase.java:850)
	at org.apache.catalina.loader.WebappClassLoaderBase.loadClass(WebappClassLoaderBase.java:1312)
	at org.apache.catalina.loader.WebappClassLoaderBase.loadClass(WebappClassLoaderBase.java:1173)
	at org.apache.catalina.core.DefaultInstanceManager.loadClass(DefaultInstanceManager.java:540)
	at org.apache.catalina.core.DefaultInstanceManager.loadClassMaybePrivileged(DefaultInstanceManager.java:521)
	at org.apache.catalina.core.DefaultInstanceManager.newInstance(DefaultInstanceManager.java:150)
	at org.apache.catalina.core.StandardWrapper.loadServlet(StandardWrapper.java:1031)
	at org.apache.catalina.core.StandardWrapper.allocate(StandardWrapper.java:761)
	at org.apache.catalina.core.StandardWrapperValve.invoke(StandardWrapperValve.java:133)
	at org.apache.catalina.core.StandardContextValve.invoke(StandardContextValve.java:96)
	at org.apache.catalina.authenticator.AuthenticatorBase.invoke(AuthenticatorBase.java:490)
	at org.apache.catalina.core.StandardHostValve.invoke(StandardHostValve.java:139)
	at org.apache.catalina.valves.ErrorReportValve.invoke(ErrorReportValve.java:92)
	at org.apache.catalina.valves.AbstractAccessLogValve.invoke(AbstractAccessLogValve.java:668)
	at org.apache.catalina.core.StandardEngineValve.invoke(StandardEngineValve.java:74)
	at org.apache.catalina.connector.CoyoteAdapter.service(CoyoteAdapter.java:343)
	at org.apache.coyote.http11.Http11Processor.service(Http11Processor.java:408)
	at org.apache.coyote.AbstractProcessorLight.process(AbstractProcessorLight.java:66)
	at org.apache.coyote.AbstractProtocol$ConnectionHandler.process(AbstractProtocol.java:834)
	at org.apache.tomcat.util.net.NioEndpoint$SocketProcessor.doRun(NioEndpoint.java:1417)
	at org.apache.tomcat.util.net.SocketProcessorBase.run(SocketProcessorBase.java:49)
	at java.util.concurrent.ThreadPoolExecutor.runWorker(Unknown Source)
	at java.util.concurrent.ThreadPoolExecutor$Worker.run(Unknown Source)
	at org.apache.tomcat.util.threads.TaskThread$WrappingRunnable.run(TaskThread.java:61)
	at java.lang.Thread.run(Unknown Source)

28-Feb-2020 13:38:24.679 INFOS [main] org.apache.catalina.core.ApplicationContext.log SessionListener: contextDestroyed()
28-Feb-2020 13:38:24.679 INFOS [main] org.apache.catalina.core.ApplicationContext.log ContextListener: contextDestroyed()
28-Feb-2020 13:38:31.938 INFOS [main] org.apache.catalina.core.ApplicationContext.log ContextListener: contextInitialized()
28-Feb-2020 13:38:31.938 INFOS [main] org.apache.catalina.core.ApplicationContext.log SessionListener: contextInitialized()
28-Feb-2020 13:38:31.940 INFOS [main] org.apache.catalina.core.ApplicationContext.log ContextListener: attributeAdded('StockTicker', 'async.Stockticker@aa4d8cc')
28-Feb-2020 13:38:37.875 INFOS [http-nio-8080-exec-2] org.apache.catalina.core.ApplicationContext.log La servlet [authentification] est marqué comme indisponible
28-Feb-2020 13:38:37.875 GRAVE [http-nio-8080-exec-2] org.apache.catalina.core.StandardWrapperValve.invoke Exception lors de l'allocation pour la servlet [authentification]
 java.lang.ClassNotFoundException: exo1.AuthentificationServlet
	at org.apache.catalina.loader.WebappClassLoaderBase.loadClass(WebappClassLoaderBase.java:1343)
	at org.apache.catalina.loader.WebappClassLoaderBase.loadClass(WebappClassLoaderBase.java:1173)
	at org.apache.catalina.core.DefaultInstanceManager.loadClass(DefaultInstanceManager.java:540)
	at org.apache.catalina.core.DefaultInstanceManager.loadClassMaybePrivileged(DefaultInstanceManager.java:521)
	at org.apache.catalina.core.DefaultInstanceManager.newInstance(DefaultInstanceManager.java:150)
	at org.apache.catalina.core.StandardWrapper.loadServlet(StandardWrapper.java:1031)
	at org.apache.catalina.core.StandardWrapper.allocate(StandardWrapper.java:761)
	at org.apache.catalina.core.StandardWrapperValve.invoke(StandardWrapperValve.java:133)
	at org.apache.catalina.core.StandardContextValve.invoke(StandardContextValve.java:96)
	at org.apache.catalina.authenticator.AuthenticatorBase.invoke(AuthenticatorBase.java:490)
	at org.apache.catalina.core.StandardHostValve.invoke(StandardHostValve.java:139)
	at org.apache.catalina.valves.ErrorReportValve.invoke(ErrorReportValve.java:92)
	at org.apache.catalina.valves.AbstractAccessLogValve.invoke(AbstractAccessLogValve.java:668)
	at org.apache.catalina.core.StandardEngineValve.invoke(StandardEngineValve.java:74)
	at org.apache.catalina.connector.CoyoteAdapter.service(CoyoteAdapter.java:343)
	at org.apache.coyote.http11.Http11Processor.service(Http11Processor.java:408)
	at org.apache.coyote.AbstractProcessorLight.process(AbstractProcessorLight.java:66)
	at org.apache.coyote.AbstractProtocol$ConnectionHandler.process(AbstractProtocol.java:834)
	at org.apache.tomcat.util.net.NioEndpoint$SocketProcessor.doRun(NioEndpoint.java:1417)
	at org.apache.tomcat.util.net.SocketProcessorBase.run(SocketProcessorBase.java:49)
	at java.util.concurrent.ThreadPoolExecutor.runWorker(Unknown Source)
	at java.util.concurrent.ThreadPoolExecutor$Worker.run(Unknown Source)
	at org.apache.tomcat.util.threads.TaskThread$WrappingRunnable.run(TaskThread.java:61)
	at java.lang.Thread.run(Unknown Source)

28-Feb-2020 13:40:11.030 INFOS [Thread-5] org.apache.catalina.core.ApplicationContext.log SessionListener: contextDestroyed()
28-Feb-2020 13:40:11.030 INFOS [Thread-5] org.apache.catalina.core.ApplicationContext.log ContextListener: contextDestroyed()
28-Feb-2020 13:41:05.135 INFOS [main] org.apache.catalina.core.ApplicationContext.log ContextListener: contextInitialized()
28-Feb-2020 13:41:05.135 INFOS [main] org.apache.catalina.core.ApplicationContext.log SessionListener: contextInitialized()
28-Feb-2020 13:41:05.147 INFOS [main] org.apache.catalina.core.ApplicationContext.log ContextListener: attributeAdded('StockTicker', 'async.Stockticker@aa4d8cc')
28-Feb-2020 13:41:14.085 INFOS [http-nio-8080-exec-2] org.apache.catalina.core.ApplicationContext.log La servlet [authentification] est marqué comme indisponible
28-Feb-2020 13:41:14.085 GRAVE [http-nio-8080-exec-2] org.apache.catalina.core.StandardWrapperValve.invoke Exception lors de l'allocation pour la servlet [authentification]
 java.lang.ClassNotFoundException: exo1.AuthentificationServlet
	at org.apache.catalina.loader.WebappClassLoaderBase.loadClass(WebappClassLoaderBase.java:1343)
	at org.apache.catalina.loader.WebappClassLoaderBase.loadClass(WebappClassLoaderBase.java:1173)
	at org.apache.catalina.core.DefaultInstanceManager.loadClass(DefaultInstanceManager.java:540)
	at org.apache.catalina.core.DefaultInstanceManager.loadClassMaybePrivileged(DefaultInstanceManager.java:521)
	at org.apache.catalina.core.DefaultInstanceManager.newInstance(DefaultInstanceManager.java:150)
	at org.apache.catalina.core.StandardWrapper.loadServlet(StandardWrapper.java:1031)
	at org.apache.catalina.core.StandardWrapper.allocate(StandardWrapper.java:761)
	at org.apache.catalina.core.StandardWrapperValve.invoke(StandardWrapperValve.java:133)
	at org.apache.catalina.core.StandardContextValve.invoke(StandardContextValve.java:96)
	at org.apache.catalina.authenticator.AuthenticatorBase.invoke(AuthenticatorBase.java:490)
	at org.apache.catalina.core.StandardHostValve.invoke(StandardHostValve.java:139)
	at org.apache.catalina.valves.ErrorReportValve.invoke(ErrorReportValve.java:92)
	at org.apache.catalina.valves.AbstractAccessLogValve.invoke(AbstractAccessLogValve.java:668)
	at org.apache.catalina.core.StandardEngineValve.invoke(StandardEngineValve.java:74)
	at org.apache.catalina.connector.CoyoteAdapter.service(CoyoteAdapter.java:343)
	at org.apache.coyote.http11.Http11Processor.service(Http11Processor.java:408)
	at org.apache.coyote.AbstractProcessorLight.process(AbstractProcessorLight.java:66)
	at org.apache.coyote.AbstractProtocol$ConnectionHandler.process(AbstractProtocol.java:834)
	at org.apache.tomcat.util.net.NioEndpoint$SocketProcessor.doRun(NioEndpoint.java:1417)
	at org.apache.tomcat.util.net.SocketProcessorBase.run(SocketProcessorBase.java:49)
	at java.util.concurrent.ThreadPoolExecutor.runWorker(Unknown Source)
	at java.util.concurrent.ThreadPoolExecutor$Worker.run(Unknown Source)
	at org.apache.tomcat.util.threads.TaskThread$WrappingRunnable.run(TaskThread.java:61)
	at java.lang.Thread.run(Unknown Source)

28-Feb-2020 13:43:10.957 INFOS [main] org.apache.catalina.core.ApplicationContext.log SessionListener: contextDestroyed()
28-Feb-2020 13:43:10.957 INFOS [main] org.apache.catalina.core.ApplicationContext.log ContextListener: contextDestroyed()
28-Feb-2020 13:43:19.886 INFOS [main] org.apache.catalina.core.ApplicationContext.log ContextListener: contextInitialized()
28-Feb-2020 13:43:19.887 INFOS [main] org.apache.catalina.core.ApplicationContext.log SessionListener: contextInitialized()
28-Feb-2020 13:43:19.889 INFOS [main] org.apache.catalina.core.ApplicationContext.log ContextListener: attributeAdded('StockTicker', 'async.Stockticker@aa4d8cc')
28-Feb-2020 13:43:26.853 INFOS [http-nio-8080-exec-1] org.apache.catalina.core.ApplicationContext.log La servlet [authentification] est marqué comme indisponible
28-Feb-2020 13:43:26.853 GRAVE [http-nio-8080-exec-1] org.apache.catalina.core.StandardWrapperValve.invoke Exception lors de l'allocation pour la servlet [authentification]
 java.lang.ClassNotFoundException: exo1.AuthentificationServlet
	at org.apache.catalina.loader.WebappClassLoaderBase.loadClass(WebappClassLoaderBase.java:1343)
	at org.apache.catalina.loader.WebappClassLoaderBase.loadClass(WebappClassLoaderBase.java:1173)
	at org.apache.catalina.core.DefaultInstanceManager.loadClass(DefaultInstanceManager.java:540)
	at org.apache.catalina.core.DefaultInstanceManager.loadClassMaybePrivileged(DefaultInstanceManager.java:521)
	at org.apache.catalina.core.DefaultInstanceManager.newInstance(DefaultInstanceManager.java:150)
	at org.apache.catalina.core.StandardWrapper.loadServlet(StandardWrapper.java:1031)
	at org.apache.catalina.core.StandardWrapper.allocate(StandardWrapper.java:761)
	at org.apache.catalina.core.StandardWrapperValve.invoke(StandardWrapperValve.java:133)
	at org.apache.catalina.core.StandardContextValve.invoke(StandardContextValve.java:96)
	at org.apache.catalina.authenticator.AuthenticatorBase.invoke(AuthenticatorBase.java:490)
	at org.apache.catalina.core.StandardHostValve.invoke(StandardHostValve.java:139)
	at org.apache.catalina.valves.ErrorReportValve.invoke(ErrorReportValve.java:92)
	at org.apache.catalina.valves.AbstractAccessLogValve.invoke(AbstractAccessLogValve.java:668)
	at org.apache.catalina.core.StandardEngineValve.invoke(StandardEngineValve.java:74)
	at org.apache.catalina.connector.CoyoteAdapter.service(CoyoteAdapter.java:343)
	at org.apache.coyote.http11.Http11Processor.service(Http11Processor.java:408)
	at org.apache.coyote.AbstractProcessorLight.process(AbstractProcessorLight.java:66)
	at org.apache.coyote.AbstractProtocol$ConnectionHandler.process(AbstractProtocol.java:834)
	at org.apache.tomcat.util.net.NioEndpoint$SocketProcessor.doRun(NioEndpoint.java:1417)
	at org.apache.tomcat.util.net.SocketProcessorBase.run(SocketProcessorBase.java:49)
	at java.util.concurrent.ThreadPoolExecutor.runWorker(Unknown Source)
	at java.util.concurrent.ThreadPoolExecutor$Worker.run(Unknown Source)
	at org.apache.tomcat.util.threads.TaskThread$WrappingRunnable.run(TaskThread.java:61)
	at java.lang.Thread.run(Unknown Source)

28-Feb-2020 13:44:39.457 INFOS [main] org.apache.catalina.core.ApplicationContext.log SessionListener: contextDestroyed()
28-Feb-2020 13:44:39.457 INFOS [main] org.apache.catalina.core.ApplicationContext.log ContextListener: contextDestroyed()
28-Feb-2020 13:45:07.690 INFOS [main] org.apache.catalina.core.ApplicationContext.log ContextListener: contextInitialized()
28-Feb-2020 13:45:07.690 INFOS [main] org.apache.catalina.core.ApplicationContext.log SessionListener: contextInitialized()
28-Feb-2020 13:45:07.693 INFOS [main] org.apache.catalina.core.ApplicationContext.log ContextListener: attributeAdded('StockTicker', 'async.Stockticker@aa4d8cc')
28-Feb-2020 13:45:15.705 INFOS [http-nio-8080-exec-1] org.apache.catalina.core.ApplicationContext.log La servlet [authentification] est marqué comme indisponible
28-Feb-2020 13:45:15.706 GRAVE [http-nio-8080-exec-1] org.apache.catalina.core.StandardWrapperValve.invoke Exception lors de l'allocation pour la servlet [authentification]
 java.lang.NoClassDefFoundError: AuthentificationServlet (wrong name: exo1/AuthentificationServlet)
	at java.lang.ClassLoader.defineClass1(Native Method)
	at java.lang.ClassLoader.defineClass(Unknown Source)
	at java.security.SecureClassLoader.defineClass(Unknown Source)
	at org.apache.catalina.loader.WebappClassLoaderBase.findClassInternal(WebappClassLoaderBase.java:2388)
	at org.apache.catalina.loader.WebappClassLoaderBase.findClass(WebappClassLoaderBase.java:850)
	at org.apache.catalina.loader.WebappClassLoaderBase.loadClass(WebappClassLoaderBase.java:1312)
	at org.apache.catalina.loader.WebappClassLoaderBase.loadClass(WebappClassLoaderBase.java:1173)
	at org.apache.catalina.core.DefaultInstanceManager.loadClass(DefaultInstanceManager.java:540)
	at org.apache.catalina.core.DefaultInstanceManager.loadClassMaybePrivileged(DefaultInstanceManager.java:521)
	at org.apache.catalina.core.DefaultInstanceManager.newInstance(DefaultInstanceManager.java:150)
	at org.apache.catalina.core.StandardWrapper.loadServlet(StandardWrapper.java:1031)
	at org.apache.catalina.core.StandardWrapper.allocate(StandardWrapper.java:761)
	at org.apache.catalina.core.StandardWrapperValve.invoke(StandardWrapperValve.java:133)
	at org.apache.catalina.core.StandardContextValve.invoke(StandardContextValve.java:96)
	at org.apache.catalina.authenticator.AuthenticatorBase.invoke(AuthenticatorBase.java:490)
	at org.apache.catalina.core.StandardHostValve.invoke(StandardHostValve.java:139)
	at org.apache.catalina.valves.ErrorReportValve.invoke(ErrorReportValve.java:92)
	at org.apache.catalina.valves.AbstractAccessLogValve.invoke(AbstractAccessLogValve.java:668)
	at org.apache.catalina.core.StandardEngineValve.invoke(StandardEngineValve.java:74)
	at org.apache.catalina.connector.CoyoteAdapter.service(CoyoteAdapter.java:343)
	at org.apache.coyote.http11.Http11Processor.service(Http11Processor.java:408)
	at org.apache.coyote.AbstractProcessorLight.process(AbstractProcessorLight.java:66)
	at org.apache.coyote.AbstractProtocol$ConnectionHandler.process(AbstractProtocol.java:834)
	at org.apache.tomcat.util.net.NioEndpoint$SocketProcessor.doRun(NioEndpoint.java:1417)
	at org.apache.tomcat.util.net.SocketProcessorBase.run(SocketProcessorBase.java:49)
	at java.util.concurrent.ThreadPoolExecutor.runWorker(Unknown Source)
	at java.util.concurrent.ThreadPoolExecutor$Worker.run(Unknown Source)
	at org.apache.tomcat.util.threads.TaskThread$WrappingRunnable.run(TaskThread.java:61)
	at java.lang.Thread.run(Unknown Source)

28-Feb-2020 13:55:18.044 INFOS [main] org.apache.catalina.core.ApplicationContext.log SessionListener: contextDestroyed()
28-Feb-2020 13:55:18.044 INFOS [main] org.apache.catalina.core.ApplicationContext.log ContextListener: contextDestroyed()
